        -:    0:Source:unittest1.c
        -:    0:Graph:unittest1.gcno
        -:    0:Data:unittest1.gcda
        -:    0:Runs:2
        -:    0:Programs:1
        -:    1:#include "dominion.h"
        -:    2:#include "dominion_helpers.h"
        -:    3:#include <string.h>
        -:    4:#include <stdio.h>
        -:    5:#include <assert.h>
        -:    6:#include "rngs.h"
        -:    7:#include <stdlib.h>
        -:    8://This is a unit test for the updateCoins() function.
        -:    9://Input: int player --> current player
        -:   10://	 struct gamestate
        -:   11://	 int bonus --> bonus coins
        -:   12://Business Rules:
        -:   13://1. It needs to count the number of treasure cards
        -:   14://in the players hand and return the correct number.
        -:   15://2. If there is a bonus, it needs to correctly add the bonus
        -:   16://to the number of coins.
        -:   17://3. The rest of the game state needs to remain unchanged.
        -:   18:
function main called 2 returned 100% blocks executed 79%
        2:   19:int main () {
        -:   20:
        -:   21:  struct gameState expected, actual;
        -:   22:  //Current Player
        2:   23:  int player = 1;
        -:   24:  //Number of Cards in Player's Hand.
        2:   25:  int handCount = 5;
        -:   26:
        -:   27:  //Initialize Player 1's Hand Count to 5
        2:   28:  expected.handCount[player] = handCount;
        -:   29:  //Initialize Player's Hand to five cards.
        2:   30:  expected.hand[player][0] = embargo;
        2:   31:  expected.hand[player][1] = copper;
        2:   32:  expected.hand[player][2] = village;
        2:   33:  expected.hand[player][3] = silver;
        2:   34:  expected.hand[player][4] = gold;
        -:   35: 
        2:   36:  int bonus = 3;
        2:   37:  int treasure_cards = 6;
        2:   38:  expected.coins = 0;
        -:   39:  
        -:   40:  //Set the expected Results.
        -:   41:  //Coins = Bonus + Silver(2) + Copper(1) + Gold(3).
        2:   42:  expected.coins = bonus + treasure_cards;
        2:   43:  int expected_coins = expected.coins;
        -:   44:
        -:   45:  //Copy the game state to the pre game state test case.
        2:   46:  memcpy(&actual, &expected, sizeof(struct gameState));
        -:   47:
        2:   48:  printf("EXPECTED COINS:%i  ACTUAL COINS:%i\n", expected.coins, actual.coins);
call    0 returned 100%
        2:   49:  assert(memcmp(&expected, &actual, sizeof(struct gameState)) == 0);
branch  0 taken 0% (fallthrough)
branch  1 taken 100%
call    2 never executed
        2:   50:  printf("Both EXPECTED & ACTUAL GAME STATES ARE EQUIVALENT before calling the function.\n");
call    0 returned 100%
        -:   51: 
        2:   52:  printf("---Testing UpdateCoins()-----\n");
call    0 returned 100%
        2:   53:  updateCoins(player, &actual, bonus);
call    0 returned 100%
        2:   54:  int actual_coins = actual.coins;
        -:   55:
        -:   56:  //Check if the rest of the game state is affected.
        2:   57:  actual.coins = expected.coins = 0;
        2:   58:  assert(memcmp(&expected, &actual, sizeof(struct gameState)) == 0);
branch  0 taken 0% (fallthrough)
branch  1 taken 100%
call    2 never executed
        2:   59:  printf("Both EXPECTED & ACTUAL game states are equivalent after calling the function.\n");  
call    0 returned 100%
        -:   60: 
        -:   61:  //Check if the function returned the correct number of coins.
        2:   62:  printf("EXPECTED COINS:%i  ACTUAL COINS:%i\n", expected_coins, actual_coins);
call    0 returned 100%
        2:   63:  assert(expected_coins == actual_coins);
branch  0 taken 0% (fallthrough)
branch  1 taken 100%
call    2 never executed
        -:   64:
        2:   65:  return 0;
        -:   66:
        -:   67:}
