        -:    0:Source:cardtest2.c
        -:    0:Graph:cardtest2.gcno
        -:    0:Data:cardtest2.gcda
        -:    0:Runs:1
        -:    0:Programs:1
        -:    1:/*
        -:    2:Behnam Saeedi
        -:    3:Saeedib
        -:    4:93227697
        -:    5:Unit test
        -:    6:*/
        -:    7:
        -:    8:#include <stdlib.h>
        -:    9:#include <stdio.h>
        -:   10:#include <assert.h>
        -:   11:#include <string.h>
        -:   12:#include <time.h>
        -:   13:
        -:   14:#include "dominion.h"
        -:   15:#include "dominion_helpers.h"
        -:   16:#include "rngs.h"
        -:   17:
        -:   18:#define UNITTEST "Adventurer"
        -:   19:
        1:   20:int main(int argc, char ** argv)
        -:   21:{
        1:   22:	srand(time(NULL));
        -:   23:	//Generating player:
        -:   24:	int out;
        1:   25:	int seed = 1000;
        1:   26:	int numPlayers = 2;
        1:   27:	int thisPlayer = 0;
        -:   28:	struct gameState G, testG;
        -:   29:
        1:   30:	int k[10] = {adventurer, embargo, village, minion, mine, cutpurse,sea_hag, tribute, smithy, council_room};
        -:   31:	// initialize a game state and player cards
        1:   32:	initializeGame(numPlayers, k, seed, &G);
        -:   33:	// generating a random state
        1:   34:	memcpy(&testG, &G, sizeof(struct gameState));
        -:   35:	int count;
        1:   36:	count = testG.handCount[thisPlayer];
        6:   37:	for(int i = 0; i < count; i++)
        5:   38:		testG.hand[thisPlayer][i] = estate;
       26:   39:	for(int i = 0; i < 25; i++)
       25:   40:		testG.supplyCount[i] = 10;
        1:   41:	testG.hand[thisPlayer][0] = gold;	//3
        1:   42:	testG.hand[thisPlayer][1] = silver;	//2
        1:   43:	testG.hand[thisPlayer][2] = copper;	//1
        1:   44:	testG.supplyCount[province] = rand() % 5 + 1;
        -:   45:	//Total should add up to 6
        -:   46:	// Starting test
        1:   47:	printf("\n\nTesting card: %s\n\n", UNITTEST);
        -:   48:
        -:   49:
        1:   50:	printf("Test 1: Checking the function.\n");
        1:   51:	updateCoins(thisPlayer,&testG,0);
        1:   52:	out = testG.coins;
        1:   53:	printf("This should return Adventurer new coins in card: %d (should be 6)\n",out);
        1:   54:	assert(out == 6);
        1:   55:	out = Adventurer(thisPlayer,0,&testG,&G.hand);
        1:   56:	assert(out == 6);
        1:   57:	printf("This should return the value of Adventurer card: %d\n",out);
        1:   58:	out = updateCoins(thisPlayer,&testG,0);
        1:   59:	out = testG.coins;
        1:   60:	printf("This should return Adventurer new coins in card: %d (should be 8)\n",out);
        1:   61:	assert(out == 8);
        1:   62:	printf("Test 1 Passed\n");
        1:   63:	return 0;	//No bugs found
        -:   64:}
