        -:    0:Source:cardtest1.c
        -:    0:Graph:cardtest1.gcno
        -:    0:Data:cardtest1.gcda
        -:    0:Runs:1
        -:    0:Programs:1
        -:    1:#include "dominion.h"
        -:    2:#include "dominion_helpers.h"
        -:    3:#include <string.h>
        -:    4:#include <stdio.h>
        -:    5:#include <assert.h>
        -:    6:#include "rngs.h"
        -:    7:#include <stdlib.h>
        -:    8:
        -:    9:#include "testHelper.h"
        -:   10:
        -:   11:#define TESTCARD "smithy"
        -:   12:
        1:   13:int main() {
        1:   14:	int newCards = 0;
        1:   15:	int discarded = 1;
        1:   16:	int newCoins = 0;
        1:   17:	int shuffledCards = 0;
        -:   18:
        -:   19:	int a, b, c;
        1:   20:	int handpos = 0, choice1 = 0, choice2 = 0, choice3 = 0, bonus = 0;
        -:   21:	int remove1, remove2;
        1:   22:	int seed = 1000;
        1:   23:	int numPlayers = 2;
        1:   24:	int thisPlayer = 0;
        1:   25:	int otherPlayer = 1;
        -:   26:
        -:   27:	struct gameState G, testG;
        1:   28:	int k[10] = {adventurer, embargo, village, minion, mine, cutpurse,
        -:   29:		sea_hag, tribute, smithy, council_room};
        -:   30:	
        1:   31:	initializeGame(numPlayers, k, seed, &G);  
        1:   32:	printf("\t Testing Card: %s \n", TESTCARD);
        -:   33:	
        -:   34:	// Smithy Info: cost = +3 cards 	
        -:   35:
        -:   36:	// boot up the perfect version
        1:   37:	memcpy(&testG, &G, sizeof(struct gameState));
        -:   38:	
        -:   39:	// Test 01 -----------------------------------------------------------------
        -:   40:	// handCount = handCount + 3 (-1, smithy)
        1:   41:	printf("Test 01: handCount = handCount + 3 (-1, smithy) \n");
        -:   42:	
        -:   43:	// setup test environment
        1:   44:	memcpy(&testG, &G, sizeof(struct gameState));	
        1:   45:	printf("initial hand count = %d\n", testG.handCount[thisPlayer]);	
        1:   46:	cardEffect(smithy, choice1, choice2, choice3, &testG, handpos, &bonus);
        -:   47:	
        1:   48:	newCoins = 0;
        1:   49:	newCards = 3;
        1:   50:	printf("hand count = %d, expected = %d\n", testG.handCount[thisPlayer], G.handCount[thisPlayer] + newCards - discarded);
        1:   51:	printf("deck count = %d, expected = %d\n", testG.deckCount[thisPlayer], G.handCount[thisPlayer] - newCards + shuffledCards);
        1:   52:	printf("coins = %d, expected = %d\n", testG.coins, G.coins + newCoins);
        -:   53:	
        1:   54:	if (testG.handCount[thisPlayer] != G.handCount[thisPlayer] + newCards- discarded) {
        1:   55:		errorMessage("handCount does not match");
        -:   56:	}
        1:   57:	if (testG.deckCount[thisPlayer] != G.deckCount[thisPlayer] - newCards + shuffledCards){ 
        1:   58:		errorMessage("deckCount does not match");
        -:   59:  	}
        1:   60:	if (testG.coins != G.coins + newCoins) {
    #####:   61:		errorMessage("coins do not match");
        -:   62:	}
        -:   63:	
        1:   64:	genericTest(G, testG, otherPlayer, 0);
        -:   65:	
        1:   66:	printf("\n >>>>> SUCCESS: Testing complete %s <<<<<\n\n", TESTCARD);
        -:   67:
        1:   68:  return 0;
        -:   69:}
        -:   70:
        -:   71:
